<?xml version="1.0" encoding="UTF-8"?>
<!-- Generated by org.testng.reporters.JUnitReportReporter -->
<testsuite hostname="CSCO-W-PF2S4J2F" failures="0" tests="1" name="test.NewTest" time="4.206" errors="0" timestamp="2023-02-16T21:33:47 IST" skipped="0">
  <testcase classname="test.NewTest" name="TestLogin" time="4.206"/>
  <system-out/>
</testsuite> <!-- test.NewTest -->
